<?xml version="1.0" encoding="UTF-8"?>
<testng-results skipped="0" failed="0" ignored="0" total="6" passed="6">
  <reporter-output>
  </reporter-output>
  <suite name="Suite" duration-ms="61504" started-at="2021-08-21T18:53:47 IST" finished-at="2021-08-21T18:54:48 IST">
    <groups>
    </groups>
    <test name="Test" duration-ms="61504" started-at="2021-08-21T18:53:47 IST" finished-at="2021-08-21T18:54:48 IST">
      <class name="com.openkart.Testclass.TC_REGISTER_001">
        <test-method status="PASS" signature="setup(java.lang.String)[pri:0, instance:com.openkart.Testclass.TC_REGISTER_001@5ed828d]" name="setup" is-config="true" duration-ms="5408" started-at="2021-08-21T18:53:47 IST" finished-at="2021-08-21T18:53:52 IST">
          <params>
            <param index="0">
              <value>
                <![CDATA[chrome]]>
              </value>
            </param>
          </params>
          <reporter-output>
          </reporter-output>
        </test-method> <!-- setup -->
        <test-method status="PASS" signature="verify_account_by_providing_all_mandatory_filed()[pri:1, instance:com.openkart.Testclass.TC_REGISTER_001@5ed828d]" name="verify_account_by_providing_all_mandatory_filed" duration-ms="6835" started-at="2021-08-21T18:53:52 IST" finished-at="2021-08-21T18:53:59 IST">
          <reporter-output>
          </reporter-output>
        </test-method> <!-- verify_account_by_providing_all_mandatory_filed -->
        <test-method status="PASS" signature="teardown()[pri:0, instance:com.openkart.Testclass.TC_REGISTER_001@5ed828d]" name="teardown" is-config="true" duration-ms="467" started-at="2021-08-21T18:53:59 IST" finished-at="2021-08-21T18:54:00 IST">
          <reporter-output>
          </reporter-output>
        </test-method> <!-- teardown -->
        <test-method status="PASS" signature="setup(java.lang.String)[pri:0, instance:com.openkart.Testclass.TC_REGISTER_001@5ed828d]" name="setup" is-config="true" duration-ms="4364" started-at="2021-08-21T18:54:00 IST" finished-at="2021-08-21T18:54:04 IST">
          <params>
            <param index="0">
              <value>
                <![CDATA[chrome]]>
              </value>
            </param>
          </params>
          <reporter-output>
          </reporter-output>
        </test-method> <!-- setup -->
        <test-method status="PASS" signature="verify_YES_option_selected()[pri:2, instance:com.openkart.Testclass.TC_REGISTER_001@5ed828d]" name="verify_YES_option_selected" duration-ms="7583" started-at="2021-08-21T18:54:04 IST" finished-at="2021-08-21T18:54:12 IST">
          <reporter-output>
          </reporter-output>
        </test-method> <!-- verify_YES_option_selected -->
        <test-method status="PASS" signature="teardown()[pri:0, instance:com.openkart.Testclass.TC_REGISTER_001@5ed828d]" name="teardown" is-config="true" duration-ms="166" started-at="2021-08-21T18:54:12 IST" finished-at="2021-08-21T18:54:12 IST">
          <reporter-output>
          </reporter-output>
        </test-method> <!-- teardown -->
        <test-method status="PASS" signature="setup(java.lang.String)[pri:0, instance:com.openkart.Testclass.TC_REGISTER_001@5ed828d]" name="setup" is-config="true" duration-ms="4021" started-at="2021-08-21T18:54:12 IST" finished-at="2021-08-21T18:54:16 IST">
          <params>
            <param index="0">
              <value>
                <![CDATA[chrome]]>
              </value>
            </param>
          </params>
          <reporter-output>
          </reporter-output>
        </test-method> <!-- setup -->
        <test-method status="PASS" signature="verify_NO_option_selcted()[pri:3, instance:com.openkart.Testclass.TC_REGISTER_001@5ed828d]" name="verify_NO_option_selcted" duration-ms="7666" started-at="2021-08-21T18:54:16 IST" finished-at="2021-08-21T18:54:24 IST">
          <reporter-output>
          </reporter-output>
        </test-method> <!-- verify_NO_option_selcted -->
        <test-method status="PASS" signature="teardown()[pri:0, instance:com.openkart.Testclass.TC_REGISTER_001@5ed828d]" name="teardown" is-config="true" duration-ms="160" started-at="2021-08-21T18:54:24 IST" finished-at="2021-08-21T18:54:24 IST">
          <reporter-output>
          </reporter-output>
        </test-method> <!-- teardown -->
        <test-method status="PASS" signature="setup(java.lang.String)[pri:0, instance:com.openkart.Testclass.TC_REGISTER_001@5ed828d]" name="setup" is-config="true" duration-ms="4231" started-at="2021-08-21T18:54:24 IST" finished-at="2021-08-21T18:54:28 IST">
          <params>
            <param index="0">
              <value>
                <![CDATA[chrome]]>
              </value>
            </param>
          </params>
          <reporter-output>
          </reporter-output>
        </test-method> <!-- setup -->
        <test-method status="PASS" signature="different_way_navigate_Register()[pri:4, instance:com.openkart.Testclass.TC_REGISTER_001@5ed828d]" name="different_way_navigate_Register" duration-ms="2825" started-at="2021-08-21T18:54:28 IST" finished-at="2021-08-21T18:54:31 IST">
          <reporter-output>
          </reporter-output>
        </test-method> <!-- different_way_navigate_Register -->
        <test-method status="PASS" signature="teardown()[pri:0, instance:com.openkart.Testclass.TC_REGISTER_001@5ed828d]" name="teardown" is-config="true" duration-ms="112" started-at="2021-08-21T18:54:31 IST" finished-at="2021-08-21T18:54:31 IST">
          <reporter-output>
          </reporter-output>
        </test-method> <!-- teardown -->
        <test-method status="PASS" signature="setup(java.lang.String)[pri:0, instance:com.openkart.Testclass.TC_REGISTER_001@5ed828d]" name="setup" is-config="true" duration-ms="4201" started-at="2021-08-21T18:54:31 IST" finished-at="2021-08-21T18:54:35 IST">
          <params>
            <param index="0">
              <value>
                <![CDATA[chrome]]>
              </value>
            </param>
          </params>
          <reporter-output>
          </reporter-output>
        </test-method> <!-- setup -->
        <test-method status="PASS" signature="verify_registeraccount_with_differentpassword()[pri:5, instance:com.openkart.Testclass.TC_REGISTER_001@5ed828d]" name="verify_registeraccount_with_differentpassword" duration-ms="4093" started-at="2021-08-21T18:54:35 IST" finished-at="2021-08-21T18:54:39 IST">
          <reporter-output>
          </reporter-output>
        </test-method> <!-- verify_registeraccount_with_differentpassword -->
        <test-method status="PASS" signature="teardown()[pri:0, instance:com.openkart.Testclass.TC_REGISTER_001@5ed828d]" name="teardown" is-config="true" duration-ms="273" started-at="2021-08-21T18:54:39 IST" finished-at="2021-08-21T18:54:39 IST">
          <reporter-output>
          </reporter-output>
        </test-method> <!-- teardown -->
        <test-method status="PASS" signature="setup(java.lang.String)[pri:0, instance:com.openkart.Testclass.TC_REGISTER_001@5ed828d]" name="setup" is-config="true" duration-ms="4410" started-at="2021-08-21T18:54:39 IST" finished-at="2021-08-21T18:54:44 IST">
          <params>
            <param index="0">
              <value>
                <![CDATA[chrome]]>
              </value>
            </param>
          </params>
          <reporter-output>
          </reporter-output>
        </test-method> <!-- setup -->
        <test-method status="PASS" signature="verifyAccountByProvidingExistingDetails()[pri:6, instance:com.openkart.Testclass.TC_REGISTER_001@5ed828d]" name="verifyAccountByProvidingExistingDetails" duration-ms="4164" started-at="2021-08-21T18:54:44 IST" finished-at="2021-08-21T18:54:48 IST">
          <reporter-output>
          </reporter-output>
        </test-method> <!-- verifyAccountByProvidingExistingDetails -->
        <test-method status="PASS" signature="teardown()[pri:0, instance:com.openkart.Testclass.TC_REGISTER_001@5ed828d]" name="teardown" is-config="true" duration-ms="238" started-at="2021-08-21T18:54:48 IST" finished-at="2021-08-21T18:54:48 IST">
          <reporter-output>
          </reporter-output>
        </test-method> <!-- teardown -->
      </class> <!-- com.openkart.Testclass.TC_REGISTER_001 -->
    </test> <!-- Test -->
  </suite> <!-- Suite -->
</testng-results>
