<?xml version="1.0" encoding="UTF-8"?>
<!-- Generated by org.testng.reporters.JUnitXMLReporter -->
<testsuite hostname="DESKTOP-U9BEVS1" ignored="1" name="Test" tests="1" failures="0" timestamp="2021-09-07T14:52:01 IST" time="18.779" errors="0">
  <testcase name="VerifyAddingProductToCartFromSearchResultsPage_002" time="5.633" classname="com.openkart.Testclass.TC_AddToCart"/>
  <testcase name="VerifyAddToCart_001" time="0.0" classname="com.openkart.Testclass.TC_AddToCart">
    <ignored/>
  </testcase> <!-- VerifyAddToCart_001 -->
</testsuite> <!-- Test -->
