<?xml version="1.0" encoding="UTF-8"?>
<!-- Generated by org.testng.reporters.JUnitXMLReporter -->
<testsuite hostname="DESKTOP-U9BEVS1" ignored="5" name="Test(failed)" tests="1" failures="0" timestamp="2021-08-25T16:31:58 IST" time="9.347" errors="0">
  <testcase name="VerifyTheMultipleProductDisplay_004" time="2.141" classname="com.openkart.Testclass.TC_ProductSearch"/>
  <testcase name="VerifySearchingWithNonExistingProductName_002" time="0.0" classname="com.openkart.Testclass.TC_ProductSearch">
    <ignored/>
  </testcase> <!-- VerifySearchingWithNonExistingProductName_002 -->
  <testcase name="VerifySearchingWithExistingProductName_001" time="0.0" classname="com.openkart.Testclass.TC_ProductSearch">
    <ignored/>
  </testcase> <!-- VerifySearchingWithExistingProductName_001 -->
  <testcase name="VerifySearchingWithoutAnyValue_003" time="0.0" classname="com.openkart.Testclass.TC_ProductSearch">
    <ignored/>
  </testcase> <!-- VerifySearchingWithoutAnyValue_003 -->
  <testcase name="VerifySerchUsingSerchFieldCreteria_006" time="0.0" classname="com.openkart.Testclass.TC_ProductSearch">
    <ignored/>
  </testcase> <!-- VerifySerchUsingSerchFieldCreteria_006 -->
  <testcase name="VerifySerchCreteriaAndSearchPlaceholder_005" time="0.0" classname="com.openkart.Testclass.TC_ProductSearch">
    <ignored/>
  </testcase> <!-- VerifySerchCreteriaAndSearchPlaceholder_005 -->
</testsuite> <!-- Test(failed) -->
